Vivado Simulator 2019.2
Copyright 1986-1999, 2001-2019 Xilinx, Inc. All Rights Reserved.
Running: C:/Xilinx/Vivado/2019.2/bin/unwrapped/win64.o/xelab.exe -wto c5a28d8a5ecf455a95c88ac34f77405c --incr --debug typical --relax --mt 2 -L xil_defaultlib -L unisims_ver -L unimacro_ver -L secureip --snapshot Multiply_8x8_tb_behav xil_defaultlib.Multiply_8x8_tb xil_defaultlib.glbl -log elaborate.log 
Using 2 slave threads.
Starting static elaboration
Pass Through NonSizing Optimizer
Completed static elaboration
Starting simulation data flow analysis
WARNING: [XSIM 43-4099] "E:/workspace/_Intelligent_Computing_Architectures2/lab3/rtl/Multiply_8x8.v" Line 1. Module Multiply_8x8_default doesn't have a timescale but at least one module in design has a timescale.
WARNING: [XSIM 43-4099] "E:/workspace/_Intelligent_Computing_Architectures2/lab3/rtl/MAC.v" Line 1. Module MAC doesn't have a timescale but at least one module in design has a timescale.
WARNING: [XSIM 43-4099] "E:/workspace/_Intelligent_Computing_Architectures2/lab3/rtl/MAC.v" Line 1. Module MAC doesn't have a timescale but at least one module in design has a timescale.
WARNING: [XSIM 43-4099] "E:/workspace/_Intelligent_Computing_Architectures2/lab3/rtl/MAC.v" Line 1. Module MAC doesn't have a timescale but at least one module in design has a timescale.
WARNING: [XSIM 43-4099] "E:/workspace/_Intelligent_Computing_Architectures2/lab3/rtl/MAC.v" Line 1. Module MAC doesn't have a timescale but at least one module in design has a timescale.
WARNING: [XSIM 43-4099] "E:/workspace/_Intelligent_Computing_Architectures2/lab3/rtl/MAC.v" Line 1. Module MAC doesn't have a timescale but at least one module in design has a timescale.
WARNING: [XSIM 43-4099] "E:/workspace/_Intelligent_Computing_Architectures2/lab3/rtl/MAC.v" Line 1. Module MAC doesn't have a timescale but at least one module in design has a timescale.
WARNING: [XSIM 43-4099] "E:/workspace/_Intelligent_Computing_Architectures2/lab3/rtl/MAC.v" Line 1. Module MAC doesn't have a timescale but at least one module in design has a timescale.
WARNING: [XSIM 43-4099] "E:/workspace/_Intelligent_Computing_Architectures2/lab3/rtl/MAC.v" Line 1. Module MAC doesn't have a timescale but at least one module in design has a timescale.
WARNING: [XSIM 43-4099] "E:/workspace/_Intelligent_Computing_Architectures2/lab3/rtl/MAC.v" Line 1. Module MAC doesn't have a timescale but at least one module in design has a timescale.
WARNING: [XSIM 43-4099] "E:/workspace/_Intelligent_Computing_Architectures2/lab3/rtl/MAC.v" Line 1. Module MAC doesn't have a timescale but at least one module in design has a timescale.
WARNING: [XSIM 43-4099] "E:/workspace/_Intelligent_Computing_Architectures2/lab3/rtl/MAC.v" Line 1. Module MAC doesn't have a timescale but at least one module in design has a timescale.
WARNING: [XSIM 43-4099] "E:/workspace/_Intelligent_Computing_Architectures2/lab3/rtl/MAC.v" Line 1. Module MAC doesn't have a timescale but at least one module in design has a timescale.
WARNING: [XSIM 43-4099] "E:/workspace/_Intelligent_Computing_Architectures2/lab3/rtl/MAC.v" Line 1. Module MAC doesn't have a timescale but at least one module in design has a timescale.
WARNING: [XSIM 43-4099] "E:/workspace/_Intelligent_Computing_Architectures2/lab3/rtl/MAC.v" Line 1. Module MAC doesn't have a timescale but at least one module in design has a timescale.
WARNING: [XSIM 43-4099] "E:/workspace/_Intelligent_Computing_Architectures2/lab3/rtl/MAC.v" Line 1. Module MAC doesn't have a timescale but at least one module in design has a timescale.
WARNING: [XSIM 43-4099] "E:/workspace/_Intelligent_Computing_Architectures2/lab3/rtl/MAC.v" Line 1. Module MAC doesn't have a timescale but at least one module in design has a timescale.
WARNING: [XSIM 43-4099] "E:/workspace/_Intelligent_Computing_Architectures2/lab3/rtl/MAC.v" Line 1. Module MAC doesn't have a timescale but at least one module in design has a timescale.
WARNING: [XSIM 43-4099] "E:/workspace/_Intelligent_Computing_Architectures2/lab3/rtl/MAC.v" Line 1. Module MAC doesn't have a timescale but at least one module in design has a timescale.
WARNING: [XSIM 43-4099] "E:/workspace/_Intelligent_Computing_Architectures2/lab3/rtl/MAC.v" Line 1. Module MAC doesn't have a timescale but at least one module in design has a timescale.
WARNING: [XSIM 43-4099] "E:/workspace/_Intelligent_Computing_Architectures2/lab3/rtl/MAC.v" Line 1. Module MAC doesn't have a timescale but at least one module in design has a timescale.
WARNING: [XSIM 43-4099] "E:/workspace/_Intelligent_Computing_Architectures2/lab3/rtl/MAC.v" Line 1. Module MAC doesn't have a timescale but at least one module in design has a timescale.
WARNING: [XSIM 43-4099] "E:/workspace/_Intelligent_Computing_Architectures2/lab3/rtl/MAC.v" Line 1. Module MAC doesn't have a timescale but at least one module in design has a timescale.
WARNING: [XSIM 43-4099] "E:/workspace/_Intelligent_Computing_Architectures2/lab3/rtl/MAC.v" Line 1. Module MAC doesn't have a timescale but at least one module in design has a timescale.
WARNING: [XSIM 43-4099] "E:/workspace/_Intelligent_Computing_Architectures2/lab3/rtl/MAC.v" Line 1. Module MAC doesn't have a timescale but at least one module in design has a timescale.
WARNING: [XSIM 43-4099] "E:/workspace/_Intelligent_Computing_Architectures2/lab3/rtl/MAC.v" Line 1. Module MAC doesn't have a timescale but at least one module in design has a timescale.
WARNING: [XSIM 43-4099] "E:/workspace/_Intelligent_Computing_Architectures2/lab3/rtl/MAC.v" Line 1. Module MAC doesn't have a timescale but at least one module in design has a timescale.
WARNING: [XSIM 43-4099] "E:/workspace/_Intelligent_Computing_Architectures2/lab3/rtl/MAC.v" Line 1. Module MAC doesn't have a timescale but at least one module in design has a timescale.
WARNING: [XSIM 43-4099] "E:/workspace/_Intelligent_Computing_Architectures2/lab3/rtl/MAC.v" Line 1. Module MAC doesn't have a timescale but at least one module in design has a timescale.
WARNING: [XSIM 43-4099] "E:/workspace/_Intelligent_Computing_Architectures2/lab3/rtl/MAC.v" Line 1. Module MAC doesn't have a timescale but at least one module in design has a timescale.
WARNING: [XSIM 43-4099] "E:/workspace/_Intelligent_Computing_Architectures2/lab3/rtl/MAC.v" Line 1. Module MAC doesn't have a timescale but at least one module in design has a timescale.
WARNING: [XSIM 43-4099] "E:/workspace/_Intelligent_Computing_Architectures2/lab3/rtl/MAC.v" Line 1. Module MAC doesn't have a timescale but at least one module in design has a timescale.
WARNING: [XSIM 43-4099] "E:/workspace/_Intelligent_Computing_Architectures2/lab3/rtl/MAC.v" Line 1. Module MAC doesn't have a timescale but at least one module in design has a timescale.
WARNING: [XSIM 43-4099] "E:/workspace/_Intelligent_Computing_Architectures2/lab3/rtl/MAC.v" Line 1. Module MAC doesn't have a timescale but at least one module in design has a timescale.
WARNING: [XSIM 43-4099] "E:/workspace/_Intelligent_Computing_Architectures2/lab3/rtl/MAC.v" Line 1. Module MAC doesn't have a timescale but at least one module in design has a timescale.
WARNING: [XSIM 43-4099] "E:/workspace/_Intelligent_Computing_Architectures2/lab3/rtl/MAC.v" Line 1. Module MAC doesn't have a timescale but at least one module in design has a timescale.
WARNING: [XSIM 43-4099] "E:/workspace/_Intelligent_Computing_Architectures2/lab3/rtl/MAC.v" Line 1. Module MAC doesn't have a timescale but at least one module in design has a timescale.
WARNING: [XSIM 43-4099] "E:/workspace/_Intelligent_Computing_Architectures2/lab3/rtl/MAC.v" Line 1. Module MAC doesn't have a timescale but at least one module in design has a timescale.
WARNING: [XSIM 43-4099] "E:/workspace/_Intelligent_Computing_Architectures2/lab3/rtl/MAC.v" Line 1. Module MAC doesn't have a timescale but at least one module in design has a timescale.
WARNING: [XSIM 43-4099] "E:/workspace/_Intelligent_Computing_Architectures2/lab3/rtl/MAC.v" Line 1. Module MAC doesn't have a timescale but at least one module in design has a timescale.
WARNING: [XSIM 43-4099] "E:/workspace/_Intelligent_Computing_Architectures2/lab3/rtl/MAC.v" Line 1. Module MAC doesn't have a timescale but at least one module in design has a timescale.
WARNING: [XSIM 43-4099] "E:/workspace/_Intelligent_Computing_Architectures2/lab3/rtl/MAC.v" Line 1. Module MAC doesn't have a timescale but at least one module in design has a timescale.
WARNING: [XSIM 43-4099] "E:/workspace/_Intelligent_Computing_Architectures2/lab3/rtl/MAC.v" Line 1. Module MAC doesn't have a timescale but at least one module in design has a timescale.
WARNING: [XSIM 43-4099] "E:/workspace/_Intelligent_Computing_Architectures2/lab3/rtl/MAC.v" Line 1. Module MAC doesn't have a timescale but at least one module in design has a timescale.
WARNING: [XSIM 43-4099] "E:/workspace/_Intelligent_Computing_Architectures2/lab3/rtl/MAC.v" Line 1. Module MAC doesn't have a timescale but at least one module in design has a timescale.
WARNING: [XSIM 43-4099] "E:/workspace/_Intelligent_Computing_Architectures2/lab3/rtl/MAC.v" Line 1. Module MAC doesn't have a timescale but at least one module in design has a timescale.
WARNING: [XSIM 43-4099] "E:/workspace/_Intelligent_Computing_Architectures2/lab3/rtl/MAC.v" Line 1. Module MAC doesn't have a timescale but at least one module in design has a timescale.
WARNING: [XSIM 43-4099] "E:/workspace/_Intelligent_Computing_Architectures2/lab3/rtl/MAC.v" Line 1. Module MAC doesn't have a timescale but at least one module in design has a timescale.
WARNING: [XSIM 43-4099] "E:/workspace/_Intelligent_Computing_Architectures2/lab3/rtl/MAC.v" Line 1. Module MAC doesn't have a timescale but at least one module in design has a timescale.
WARNING: [XSIM 43-4099] "E:/workspace/_Intelligent_Computing_Architectures2/lab3/rtl/MAC.v" Line 1. Module MAC doesn't have a timescale but at least one module in design has a timescale.
WARNING: [XSIM 43-4099] "E:/workspace/_Intelligent_Computing_Architectures2/lab3/rtl/MAC.v" Line 1. Module MAC doesn't have a timescale but at least one module in design has a timescale.
WARNING: [XSIM 43-4099] "E:/workspace/_Intelligent_Computing_Architectures2/lab3/rtl/MAC.v" Line 1. Module MAC doesn't have a timescale but at least one module in design has a timescale.
WARNING: [XSIM 43-4099] "E:/workspace/_Intelligent_Computing_Architectures2/lab3/rtl/MAC.v" Line 1. Module MAC doesn't have a timescale but at least one module in design has a timescale.
WARNING: [XSIM 43-4099] "E:/workspace/_Intelligent_Computing_Architectures2/lab3/rtl/MAC.v" Line 1. Module MAC doesn't have a timescale but at least one module in design has a timescale.
WARNING: [XSIM 43-4099] "E:/workspace/_Intelligent_Computing_Architectures2/lab3/rtl/MAC.v" Line 1. Module MAC doesn't have a timescale but at least one module in design has a timescale.
WARNING: [XSIM 43-4099] "E:/workspace/_Intelligent_Computing_Architectures2/lab3/rtl/MAC.v" Line 1. Module MAC doesn't have a timescale but at least one module in design has a timescale.
WARNING: [XSIM 43-4099] "E:/workspace/_Intelligent_Computing_Architectures2/lab3/rtl/MAC.v" Line 1. Module MAC doesn't have a timescale but at least one module in design has a timescale.
WARNING: [XSIM 43-4099] "E:/workspace/_Intelligent_Computing_Architectures2/lab3/rtl/MAC.v" Line 1. Module MAC doesn't have a timescale but at least one module in design has a timescale.
WARNING: [XSIM 43-4099] "E:/workspace/_Intelligent_Computing_Architectures2/lab3/rtl/MAC.v" Line 1. Module MAC doesn't have a timescale but at least one module in design has a timescale.
WARNING: [XSIM 43-4099] "E:/workspace/_Intelligent_Computing_Architectures2/lab3/rtl/MAC.v" Line 1. Module MAC doesn't have a timescale but at least one module in design has a timescale.
WARNING: [XSIM 43-4099] "E:/workspace/_Intelligent_Computing_Architectures2/lab3/rtl/MAC.v" Line 1. Module MAC doesn't have a timescale but at least one module in design has a timescale.
WARNING: [XSIM 43-4099] "E:/workspace/_Intelligent_Computing_Architectures2/lab3/rtl/MAC.v" Line 1. Module MAC doesn't have a timescale but at least one module in design has a timescale.
WARNING: [XSIM 43-4099] "E:/workspace/_Intelligent_Computing_Architectures2/lab3/rtl/MAC.v" Line 1. Module MAC doesn't have a timescale but at least one module in design has a timescale.
WARNING: [XSIM 43-4099] "E:/workspace/_Intelligent_Computing_Architectures2/lab3/rtl/MAC.v" Line 1. Module MAC doesn't have a timescale but at least one module in design has a timescale.
WARNING: [XSIM 43-4099] "E:/workspace/_Intelligent_Computing_Architectures2/lab3/rtl/MAC.v" Line 1. Module MAC doesn't have a timescale but at least one module in design has a timescale.
Completed simulation data flow analysis
Time Resolution for simulation is 1ps
Compiling module xil_defaultlib.MAC
Compiling module xil_defaultlib.Multiply_8x8_default
Compiling module xil_defaultlib.Multiply_8x8_tb
Compiling module xil_defaultlib.glbl
Built simulation snapshot Multiply_8x8_tb_behav
